<?xml version="1.0" encoding="UTF-8" ?>
<testsuite failures="0" time="0.474" errors="3" skipped="0" tests="3" name="org.rioproject.resolver.maven2.ITSettingsParserTest">
  <properties>
[...]
</properties>
  <testcase time="0.467" classname="org.rioproject.resolver.maven2.ITSettingsParserTest" name="parserTest">
    <error message="Unable to find a usable Maven settings file (global or in user home directory)" type="java.io.IOException">java.io.IOException: Unable to find a usable Maven settings file (global or in user home directory)
	at org.rioproject.resolver.maven2.ITSettingsParserTest.getMavenSettingsFile(ITSettingsParserTest.java:185)
	at org.rioproject.resolver.maven2.ITSettingsParserTest.parserTest(ITSettingsParserTest.java:71)
</error>
    <system-out>
Settings file (src/test/conf/mirrored-settings.xml), Repositories (9), Mirrored (5)
-----------------------------------------------------------------------------------
(1) id:        fraz
    url:       http://external:8081/nexus/content/groups/public
    releases:  false
    snapshots: true

(2) id:        bar-not-mirrored
    url:       file://HARRY.POTTER/
    releases:  true
    snapshots: false

(3) id:        local-file-system-repo-not-mirrored
    url:       file://local.file.system/
    releases:  true
    snapshots: true

(4) id:        localhost-repo-not-mirrored
    url:       http://localhost:80801/repo/
    releases:  true
    snapshots: true

(5) id:        west
    url:       http://voldemort:8088/nexus/content/groups/public
    releases:  true
    snapshots: true

(6) id:        east
    url:       http://blutarsky:8088/nexus/content/groups/public
    releases:  true
    snapshots: true

(7) id:        north
    url:       http://blutarsky:8088/nexus/content/groups/public
    releases:  true
    snapshots: true

(8) id:        jane-not-mirrored
    url:       http://NOT.MIRRORED.COM/
    releases:  true
    snapshots: true

(9) id:        central
    url:       http://external:8081/nexus/content/groups/public
    releases:  true
    snapshots: false
</system-out>
  </testcase>
  <testcase time="0.005" classname="org.rioproject.resolver.maven2.ITSettingsParserTest" name="parserTest2">
    <error message="Unable to find a usable Maven settings file (global or in user home directory)" type="java.io.IOException">java.io.IOException: Unable to find a usable Maven settings file (global or in user home directory)
	at org.rioproject.resolver.maven2.ITSettingsParserTest.getMavenSettingsFile(ITSettingsParserTest.java:185)
	at org.rioproject.resolver.maven2.ITSettingsParserTest.parserTest2(ITSettingsParserTest.java:103)
</error>
    <system-out>
Settings file (src/test/conf/jrsettings.xml), Repositories (4), Mirrored (0)
----------------------------------------------------------------------------
(1) id:        internal
    url:       http://rds.dev:8180/archiva/repository/internal/
    releases:  true
    snapshots: false

(2) id:        snapshots
    url:       http://rds.dev:8180/archiva/repository/snapshots/
    releases:  false
    snapshots: true

(3) id:        real_repository
    url:       http://build01.dev.real.com:9999/repository/
    releases:  true
    snapshots: true

(4) id:        central
    url:       http://repo1.maven.org/maven2/
    releases:  true
    snapshots: false
</system-out>
  </testcase>
  <testcase time="0.002" classname="org.rioproject.resolver.maven2.ITSettingsParserTest" name="parserTest3">
    <error message="Unable to find a usable Maven settings file (global or in user home directory)" type="java.io.IOException">java.io.IOException: Unable to find a usable Maven settings file (global or in user home directory)
	at org.rioproject.resolver.maven2.ITSettingsParserTest.getMavenSettingsFile(ITSettingsParserTest.java:185)
	at org.rioproject.resolver.maven2.ITSettingsParserTest.parserTest3(ITSettingsParserTest.java:135)
</error>
    <system-out>
Settings file (/Users/khartig/.m2/settings.xml), Repositories (1), Mirrored (0)
-------------------------------------------------------------------------------
(1) id:        central
    url:       http://repo1.maven.org/maven2/
    releases:  true
    snapshots: false
</system-out>
  </testcase>
</testsuite>